Performing C SOURCE FILE Test CMAKE_HAVE_LIBC_PTHREAD failed with the following output:
Change Dir: /home/kate/geant4/projects/MLS-build/CMakeFiles/CMakeTmp

Run Build Command(s):/usr/bin/gmake cmTC_35b6e/fast && /usr/bin/gmake  -f CMakeFiles/cmTC_35b6e.dir/build.make CMakeFiles/cmTC_35b6e.dir/build
gmake[1]: вход в каталог «/home/kate/geant4/projects/MLS-build/CMakeFiles/CMakeTmp»
Building C object CMakeFiles/cmTC_35b6e.dir/src.c.o
/usr/bin/cc   -DCMAKE_HAVE_LIBC_PTHREAD -o CMakeFiles/cmTC_35b6e.dir/src.c.o -c /home/kate/geant4/projects/MLS-build/CMakeFiles/CMakeTmp/src.c
Linking C executable cmTC_35b6e
/usr/bin/cmake -E cmake_link_script CMakeFiles/cmTC_35b6e.dir/link.txt --verbose=1
/usr/bin/cc  -DCMAKE_HAVE_LIBC_PTHREAD CMakeFiles/cmTC_35b6e.dir/src.c.o -o cmTC_35b6e 
/usr/bin/ld: CMakeFiles/cmTC_35b6e.dir/src.c.o: в функции «main»:
src.c:(.text+0x46): неопределённая ссылка на «pthread_create»
/usr/bin/ld: src.c:(.text+0x52): неопределённая ссылка на «pthread_detach»
/usr/bin/ld: src.c:(.text+0x5e): неопределённая ссылка на «pthread_cancel»
/usr/bin/ld: src.c:(.text+0x6f): неопределённая ссылка на «pthread_join»
collect2: error: ld returned 1 exit status
gmake[1]: *** [CMakeFiles/cmTC_35b6e.dir/build.make:106: cmTC_35b6e] Ошибка 1
gmake[1]: выход из каталога «/home/kate/geant4/projects/MLS-build/CMakeFiles/CMakeTmp»
gmake: *** [Makefile:140: cmTC_35b6e/fast] Ошибка 2


Source file was:
#include <pthread.h>

void* test_func(void* data)
{
  return data;
}

int main(void)
{
  pthread_t thread;
  pthread_create(&thread, NULL, test_func, NULL);
  pthread_detach(thread);
  pthread_cancel(thread);
  pthread_join(thread, NULL);
  pthread_atfork(NULL, NULL, NULL);
  pthread_exit(NULL);

  return 0;
}

