Performing C SOURCE FILE Test CMAKE_HAVE_LIBC_PTHREAD failed with the following output:
Change Dir: /home/kate/geant4/projects/MLS/cmake-build-debug/CMakeFiles/CMakeTmp

Run Build Command(s):/usr/bin/gmake -f Makefile cmTC_1a2e3/fast && /usr/bin/gmake  -f CMakeFiles/cmTC_1a2e3.dir/build.make CMakeFiles/cmTC_1a2e3.dir/build
gmake[1]: вход в каталог «/home/kate/geant4/projects/MLS/cmake-build-debug/CMakeFiles/CMakeTmp»
Building C object CMakeFiles/cmTC_1a2e3.dir/src.c.o
/usr/bin/cc -DCMAKE_HAVE_LIBC_PTHREAD   -o CMakeFiles/cmTC_1a2e3.dir/src.c.o -c /home/kate/geant4/projects/MLS/cmake-build-debug/CMakeFiles/CMakeTmp/src.c
Linking C executable cmTC_1a2e3
/snap/clion/169/bin/cmake/linux/bin/cmake -E cmake_link_script CMakeFiles/cmTC_1a2e3.dir/link.txt --verbose=1
/usr/bin/cc CMakeFiles/cmTC_1a2e3.dir/src.c.o -o cmTC_1a2e3 
/usr/bin/ld: CMakeFiles/cmTC_1a2e3.dir/src.c.o: в функции «main»:
src.c:(.text+0x46): неопределённая ссылка на «pthread_create»
/usr/bin/ld: src.c:(.text+0x52): неопределённая ссылка на «pthread_detach»
/usr/bin/ld: src.c:(.text+0x5e): неопределённая ссылка на «pthread_cancel»
/usr/bin/ld: src.c:(.text+0x6f): неопределённая ссылка на «pthread_join»
collect2: error: ld returned 1 exit status
gmake[1]: *** [CMakeFiles/cmTC_1a2e3.dir/build.make:99: cmTC_1a2e3] Ошибка 1
gmake[1]: выход из каталога «/home/kate/geant4/projects/MLS/cmake-build-debug/CMakeFiles/CMakeTmp»
gmake: *** [Makefile:127: cmTC_1a2e3/fast] Ошибка 2


Source file was:
#include <pthread.h>

static void* test_func(void* data)
{
  return data;
}

int main(void)
{
  pthread_t thread;
  pthread_create(&thread, NULL, test_func, NULL);
  pthread_detach(thread);
  pthread_cancel(thread);
  pthread_join(thread, NULL);
  pthread_atfork(NULL, NULL, NULL);
  pthread_exit(NULL);

  return 0;
}

